Tue 05 Sep 2023 03:47:48 PM UTC: 
 tests:  0|6
total_score: 0/70
26624c3
Tue 05 Sep 2023 06:36:44 PM UTC: 
 hashmap.c | 10 +++++++++-
 1 file changed, 9 insertions(+), 1 deletion(-)
In file included from test.c:4:
hashmap.c: In function ‘createMap’:
hashmap.c:60:8: error: ‘HashMap’ {aka ‘struct HashMap’} has no member named ‘entries’
   60 |     map->entries = (Entry *)malloc(capacity * sizeof(Entry));
      |        ^~
hashmap.c:60:21: error: ‘Entry’ undeclared (first use in this function)
   60 |     map->entries = (Entry *)malloc(capacity * sizeof(Entry));
      |                     ^~~~~
hashmap.c:60:21: note: each undeclared identifier is reported only once for each function it appears in
hashmap.c:60:28: error: expected expression before ‘)’ token
   60 |     map->entries = (Entry *)malloc(capacity * sizeof(Entry));
      |                            ^
hashmap.c:61:12: error: ‘HashMap’ {aka ‘struct HashMap’} has no member named ‘entries’
   61 |     if (map->entries == NULL) {
      |            ^~
hashmap.c:65:1: error: control reaches end of non-void function [-Werror=return-type]
   65 | }
      | ^
cc1: all warnings being treated as errors
Compilation failed
09c7f00
Tue 05 Sep 2023 06:37:51 PM UTC: 
 hashmap.c | 5 +++++
 1 file changed, 5 insertions(+)
In file included from test.c:4:
hashmap.c: In function ‘createMap’:
hashmap.c:60:8: error: ‘HashMap’ {aka ‘struct HashMap’} has no member named ‘entries’
   60 |     map->entries = (Entry *)malloc(capacity * sizeof(Entry));
      |        ^~
hashmap.c:60:21: error: ‘Entry’ undeclared (first use in this function)
   60 |     map->entries = (Entry *)malloc(capacity * sizeof(Entry));
      |                     ^~~~~
hashmap.c:60:21: note: each undeclared identifier is reported only once for each function it appears in
hashmap.c:60:28: error: expected expression before ‘)’ token
   60 |     map->entries = (Entry *)malloc(capacity * sizeof(Entry));
      |                            ^
hashmap.c:61:12: error: ‘HashMap’ {aka ‘struct HashMap’} has no member named ‘entries’
   61 |     if (map->entries == NULL) {
      |            ^~
Compilation failed
be4b7a2
Tue 05 Sep 2023 06:40:12 PM UTC: 
 hashmap.c | 22 ++++++++++++----------
 1 file changed, 12 insertions(+), 10 deletions(-)
In file included from test.c:4:
hashmap.c: In function ‘createMap’:
hashmap.c:67:21: error: ‘Bucket’ undeclared (first use in this function)
   67 |     map->buckets = (Bucket **)calloc(capacity, sizeof(Bucket *));
      |                     ^~~~~~
hashmap.c:67:21: note: each undeclared identifier is reported only once for each function it appears in
hashmap.c:67:30: error: expected expression before ‘)’ token
   67 |     map->buckets = (Bucket **)calloc(capacity, sizeof(Bucket *));
      |                              ^
hashmap.c:72:1: error: control reaches end of non-void function [-Werror=return-type]
   72 | }
      | ^
cc1: all warnings being treated as errors
Compilation failed
d200c08
Tue 05 Sep 2023 06:40:52 PM UTC: 
 hashmap.c | 8 ++++++++
 1 file changed, 8 insertions(+)
In file included from test.c:4:
hashmap.c: In function ‘createMap’:
hashmap.c:67:21: error: ‘Bucket’ undeclared (first use in this function)
   67 |     map->buckets = (Bucket **)calloc(capacity, sizeof(Bucket *));
      |                     ^~~~~~
hashmap.c:67:21: note: each undeclared identifier is reported only once for each function it appears in
hashmap.c:67:30: error: expected expression before ‘)’ token
   67 |     map->buckets = (Bucket **)calloc(capacity, sizeof(Bucket *));
      |                              ^
hashmap.c: At top level:
hashmap.c:80:1: error: expected identifier or ‘(’ before ‘}’ token
   80 | }
      | ^
Compilation failed
67df9ff
Tue 05 Sep 2023 06:40:59 PM UTC: 
 hashmap.c | 23 -----------------------
 1 file changed, 23 deletions(-)
 tests:  0|6
total_score: 0/70
bfb06fd
Tue 05 Sep 2023 11:14:23 PM UTC: 
 hashmap.c | 8 ++++++--
 1 file changed, 6 insertions(+), 2 deletions(-)
 tests:  1|5
total_score: 10/70
44ccf12
Tue 05 Sep 2023 11:15:15 PM UTC: 
 hashmap.c | 7 +++++--
 1 file changed, 5 insertions(+), 2 deletions(-)
test.c: In function ‘insertMap’:
test.c:453:5: error: ‘main’ is normally a non-static function [-Werror=main]
  453 | int main( int argc, char *argv[] ) {
      |     ^~~~
test.c:511:1: error: expected declaration or statement at end of input
  511 | }
      | ^
At top level:
test.c:453:5: error: ‘main’ defined but not used [-Werror=unused-function]
  453 | int main( int argc, char *argv[] ) {
      |     ^~~~
test.c:217:5: error: ‘insert_test5’ defined but not used [-Werror=unused-function]
  217 | int insert_test5(){ //factor de carga>0.7, se llama a función enlarge
      |     ^~~~~~~~~~~~
test.c:131:6: error: ‘compare_test’ defined but not used [-Werror=unused-function]
  131 | void compare_test(){
      |      ^~~~~~~~~~~~
test.c:125:6: error: ‘hash_test3’ defined but not used [-Werror=unused-function]
  125 | void hash_test3(){ //no random
      |      ^~~~~~~~~~
test.c:111:6: error: ‘hash_test2’ defined but not used [-Werror=unused-function]
  111 | void hash_test2(){ // colisiones
      |      ^~~~~~~~~~
test.c:100:6: error: ‘hash_test1’ defined but not used [-Werror=unused-function]
  100 | void hash_test1(){ // posición válida
      |      ^~~~~~~~~~
cc1: all warnings being treated as errors
Compilation failed
52e9b44
Tue 05 Sep 2023 11:16:05 PM UTC: 
 hashmap.c | 2 ++
 1 file changed, 2 insertions(+)
 tests:  1|5
total_score: 10/70
607d6d4
Tue 05 Sep 2023 11:16:44 PM UTC: 
 hashmap.c | 3 +++
 1 file changed, 3 insertions(+)
 tests:  5|4
total_score: 30/70
86fb5bd
Tue 05 Sep 2023 11:17:00 PM UTC: 
 hashmap.c | 2 +-
 1 file changed, 1 insertion(+), 1 deletion(-)
In file included from test.c:4:
hashmap.c: In function ‘insertMap’:
hashmap.c:50:39: error: implicit declaration of function ‘_strdup’; did you mean ‘strdup’? [-Werror=implicit-function-declaration]
   50 |   map->buckets[position] = createPair(_strdup(key), value);
      |                                       ^~~~~~~
      |                                       strdup
hashmap.c:50:39: error: passing argument 1 of ‘createPair’ makes pointer from integer without a cast [-Werror=int-conversion]
   50 |   map->buckets[position] = createPair(_strdup(key), value);
      |                                       ^~~~~~~~~~~~
      |                                       |
      |                                       int
hashmap.c:19:27: note: expected ‘char *’ but argument is of type ‘int’
   19 | Pair * createPair( char * key,  void * value) {
      |                    ~~~~~~~^~~
test.c: At top level:
test.c:8:8: error: conflicting types for ‘_strdup’; have ‘char *(const char *)’
    8 | char * _strdup(const char * str) {
      |        ^~~~~~~
In file included from test.c:4:
hashmap.c:50:39: note: previous implicit declaration of ‘_strdup’ with type ‘int()’
   50 |   map->buckets[position] = createPair(_strdup(key), value);
      |                                       ^~~~~~~
cc1: all warnings being treated as errors
Compilation failed
39a4528
Tue 05 Sep 2023 11:17:09 PM UTC: 
 hashmap.c | 2 +-
 1 file changed, 1 insertion(+), 1 deletion(-)
 tests:  5|4
total_score: 30/70
b7385ec
Tue 05 Sep 2023 11:52:12 PM UTC: 
 hashmap.c | 9 ++++++++-
 1 file changed, 8 insertions(+), 1 deletion(-)
In file included from test.c:4:
hashmap.c: In function ‘searchMap’:
hashmap.c:87:1: error: control reaches end of non-void function [-Werror=return-type]
   87 | }
      | ^
cc1: all warnings being treated as errors
Compilation failed
9134a80
Tue 05 Sep 2023 11:52:27 PM UTC: 
 hashmap.c | 2 +-
 1 file changed, 1 insertion(+), 1 deletion(-)
test.c: In function ‘searchMap’:
test.c:453:5: error: ‘main’ is normally a non-static function [-Werror=main]
  453 | int main( int argc, char *argv[] ) {
      |     ^~~~
test.c:511:1: error: expected declaration or statement at end of input
  511 | }
      | ^
test.c:512: error: control reaches end of non-void function [-Werror=return-type]
At top level:
test.c:453:5: error: ‘main’ defined but not used [-Werror=unused-function]
  453 | int main( int argc, char *argv[] ) {
      |     ^~~~
test.c:217:5: error: ‘insert_test5’ defined but not used [-Werror=unused-function]
  217 | int insert_test5(){ //factor de carga>0.7, se llama a función enlarge
      |     ^~~~~~~~~~~~
test.c:131:6: error: ‘compare_test’ defined but not used [-Werror=unused-function]
  131 | void compare_test(){
      |      ^~~~~~~~~~~~
test.c:125:6: error: ‘hash_test3’ defined but not used [-Werror=unused-function]
  125 | void hash_test3(){ //no random
      |      ^~~~~~~~~~
test.c:111:6: error: ‘hash_test2’ defined but not used [-Werror=unused-function]
  111 | void hash_test2(){ // colisiones
      |      ^~~~~~~~~~
test.c:100:6: error: ‘hash_test1’ defined but not used [-Werror=unused-function]
  100 | void hash_test1(){ // posición válida
      |      ^~~~~~~~~~
cc1: all warnings being treated as errors
Compilation failed
f323d88
Tue 05 Sep 2023 11:52:36 PM UTC: 
 hashmap.c | 4 ++--
 1 file changed, 2 insertions(+), 2 deletions(-)
 tests:  8|3
total_score: 40/70
3c454ea
Wed 06 Sep 2023 02:20:37 AM UTC: 
 hashmap.c | 7 ++++++-
 1 file changed, 6 insertions(+), 1 deletion(-)
In file included from test.c:4:
hashmap.c: In function ‘firstMap’:
hashmap.c:97:1: error: control reaches end of non-void function [-Werror=return-type]
   97 | }
      | ^
cc1: all warnings being treated as errors
Compilation failed
dd08119
Wed 06 Sep 2023 02:20:46 AM UTC: 
 hashmap.c | 2 +-
 1 file changed, 1 insertion(+), 1 deletion(-)
 tests:  10|3
total_score: 40/70
2bd6a51
Wed 06 Sep 2023 02:21:07 AM UTC: 
 hashmap.c | 7 +------
 1 file changed, 1 insertion(+), 6 deletions(-)
 tests:  8|3
total_score: 40/70
ce9b791
Wed 06 Sep 2023 02:21:14 AM UTC: 
 hashmap.c | 7 ++++++-
 1 file changed, 6 insertions(+), 1 deletion(-)
 tests:  10|3
total_score: 40/70
5082d34
Wed 06 Sep 2023 02:21:57 AM UTC: 
 hashmap.c | 7 ++++++-
 1 file changed, 6 insertions(+), 1 deletion(-)
 tests:  13|2
total_score: 50/70
533364b
Wed 06 Sep 2023 02:32:28 AM UTC: 
 hashmap.c | 2 +-
 1 file changed, 1 insertion(+), 1 deletion(-)
In file included from test.c:4:
hashmap.c: In function ‘eraseMap’:
hashmap.c:72:10: error: unused variable ‘pair’ [-Werror=unused-variable]
   72 |   Pair * pair = searchMap(map, key);
      |          ^~~~
cc1: all warnings being treated as errors
Compilation failed
b5b967e
Wed 06 Sep 2023 02:32:53 AM UTC: 
 hashmap.c | 6 +++++-
 1 file changed, 5 insertions(+), 1 deletion(-)
 tests:  13|2
total_score: 50/70
fb57d88
Wed 06 Sep 2023 02:33:12 AM UTC: 
 hashmap.c | 2 +-
 1 file changed, 1 insertion(+), 1 deletion(-)
 tests:  16|1
total_score: 60/70
3c5594b
Wed 06 Sep 2023 02:34:04 AM UTC: 
 hashmap.c | 6 +++++-
 1 file changed, 5 insertions(+), 1 deletion(-)
In file included from test.c:4:
hashmap.c: In function ‘enlarge’:
hashmap.c:58:8: error: unused variable ‘old_capacity’ [-Werror=unused-variable]
   58 |   long old_capacity = map->capacity;
      |        ^~~~~~~~~~~~
hashmap.c:57:11: error: unused variable ‘old_buckets’ [-Werror=unused-variable]
   57 |   Pair ** old_buckets = map->buckets;
      |           ^~~~~~~~~~~
cc1: all warnings being treated as errors
Compilation failed
61814b6
Wed 06 Sep 2023 02:37:59 AM UTC: 
 hashmap.c | 6 ++++++
 1 file changed, 6 insertions(+)
 tests:  17|0
total_score: 70/70
9e6c717
Wed 06 Sep 2023 02:38:54 AM UTC: 
 hashmap.c | 2 ++
 1 file changed, 2 insertions(+)
 tests:  17|0
total_score: 70/70
1fd8df7
Wed 06 Sep 2023 02:39:16 AM UTC: 
 hashmap.c | 2 +-
 1 file changed, 1 insertion(+), 1 deletion(-)
 tests:  17|0
total_score: 70/70
1a69921
